<?xml version="1.0" encoding="UTF-8"?>
<!-- Generated by org.testng.reporters.JUnitReportReporter -->
<testsuite skipped="0" hostname="DESKTOP-TA0RUPS" name="RestAssuredTest.Demo1_GET_Request" tests="1" failures="0" timestamp="07 Jul 2023 18:28:19 GMT" time="2.764" errors="0">
  <testcase name="page2Details" time="2.764" classname="RestAssuredTest.Demo1_GET_Request"/>
</testsuite> <!-- RestAssuredTest.Demo1_GET_Request -->
