<?xml version="1.0" encoding="UTF-8"?>
<!-- Generated by org.testng.reporters.JUnitReportReporter -->
<testsuite skipped="0" hostname="DESKTOP-TA0RUPS" name="RestAssuredTest.Demo1_GET_Request" tests="1" failures="0" timestamp="08 Jul 2023 05:49:14 GMT" time="4.220" errors="0">
  <testcase name="page2Details" time="4.220" classname="RestAssuredTest.Demo1_GET_Request"/>
</testsuite> <!-- RestAssuredTest.Demo1_GET_Request -->
